<?xml version="1.0" encoding="UTF-8"?>
<!-- Generated by org.testng.reporters.JUnitReportReporter -->
<testsuite hostname="MAVCHN0522199" failures="0" tests="2" name="ui.Demo_Test" time="0.021" errors="0" timestamp="2022-11-18T14:21:31 IST" skipped="0">
  <testcase classname="ui.Demo_Test" name="test" time="0.019"/>
  <system-out/>
  <testcase classname="ui.Demo_Test" name="test2" time="0.002"/>
  <system-out/>
</testsuite> <!-- ui.Demo_Test -->
